[    63.932] 
X.Org X Server 1.18.3
Release Date: 2016-04-04
[    63.933] X Protocol Version 11, Revision 0
[    63.933] Build Operating System: Linux 3.13.0-85-generic x86_64 Ubuntu
[    63.933] Current Operating System: Linux 5hd 4.4.0-22-generic #40-Ubuntu SMP Thu May 12 22:03:46 UTC 2016 x86_64
[    63.933] Kernel command line: BOOT_IMAGE=/boot/vmlinuz-4.4.0-22-generic.efi.signed root=UUID=40d6f25d-9a31-4c98-b37d-de0b2e323648 ro
[    63.933] Build Date: 07 April 2016  09:18:50AM
[    63.933] xorg-server 2:1.18.3-1ubuntu2 (For technical support please see http://www.ubuntu.com/support) 
[    63.933] Current version of pixman: 0.33.6
[    63.933] 	Before reporting problems, check http://wiki.x.org
	to make sure that you have the latest version.
[    63.933] Markers: (--) probed, (**) from config file, (==) default setting,
	(++) from command line, (!!) notice, (II) informational,
	(WW) warning, (EE) error, (NI) not implemented, (??) unknown.
[    63.934] (==) Log file: "/home/ale/.local/share/xorg/Xorg.0.log", Time: Tue Jun  7 15:51:34 2016
[    63.937] (==) Using config directory: "/etc/X11/xorg.conf.d"
[    63.937] (==) Using system config directory "/usr/share/X11/xorg.conf.d"
[    63.941] (==) ServerLayout "ServerLayout0"
[    63.941] (==) No screen section available. Using defaults.
[    63.941] (**) |-->Screen "Default Screen Section" (0)
[    63.941] (**) |   |-->Monitor "<default monitor>"
[    63.941] (==) No device specified for screen "Default Screen Section".
	Using the first device section listed.
[    63.941] (**) |   |-->Device "Intel GPU"
[    63.941] (**) |   |-->GPUDevice "Intel GPU"
[    63.941] (==) No monitor specified for screen "Default Screen Section".
	Using a default monitor configuration.
[    63.941] (**) Option "BlankTime" "0"
[    63.941] (**) Option "StandbyTime" "0"
[    63.941] (**) Option "SuspendTime" "0"
[    63.941] (**) Option "OffTime" "0"
[    63.941] (==) Automatically adding devices
[    63.941] (==) Automatically enabling devices
[    63.941] (==) Automatically adding GPU devices
[    63.941] (==) Max clients allowed: 256, resource mask: 0x1fffff
[    63.944] (WW) The directory "/usr/share/fonts/X11/cyrillic" does not exist.
[    63.944] 	Entry deleted from font path.
[    63.944] (WW) The directory "/usr/share/fonts/X11/100dpi/" does not exist.
[    63.944] 	Entry deleted from font path.
[    63.944] (WW) The directory "/usr/share/fonts/X11/75dpi/" does not exist.
[    63.944] 	Entry deleted from font path.
[    63.945] (WW) The directory "/usr/share/fonts/X11/Type1" does not exist.
[    63.945] 	Entry deleted from font path.
[    63.945] (WW) The directory "/usr/share/fonts/X11/100dpi" does not exist.
[    63.945] 	Entry deleted from font path.
[    63.945] (WW) The directory "/usr/share/fonts/X11/75dpi" does not exist.
[    63.945] 	Entry deleted from font path.
[    63.945] (==) FontPath set to:
	/usr/share/fonts/X11/misc,
	built-ins
[    63.945] (==) ModulePath set to "/usr/lib/x86_64-linux-gnu/xorg/extra-modules,/usr/lib/xorg/extra-modules,/usr/lib/xorg/modules"
[    63.945] (II) The server relies on udev to provide the list of input devices.
	If no devices become available, reconfigure udev or disable AutoAddDevices.
[    63.945] (II) Loader magic: 0x55da2b4c9da0
[    63.945] (II) Module ABI versions:
[    63.945] 	X.Org ANSI C Emulation: 0.4
[    63.945] 	X.Org Video Driver: 20.0
[    63.945] 	X.Org XInput driver : 22.1
[    63.945] 	X.Org Server Extension : 9.0
[    63.946] (++) using VT number 1

[    63.948] (II) systemd-logind: took control of session /org/freedesktop/login1/session/_32
[    63.949] (II) xfree86: Adding drm device (/dev/dri/card0)
[    63.950] (II) systemd-logind: got fd for /dev/dri/card0 226:0 fd 8 paused 0
[    63.952] (--) PCI:*(0:0:2:0) 8086:22b1:8086:7270 rev 33, Mem @ 0xa0000000/16777216, 0x80000000/536870912, I/O @ 0x00003000/64
[    63.952] (II) LoadModule: "glx"
[    63.955] (II) Loading /usr/lib/xorg/modules/extensions/libglx.so
[    63.971] (II) Module glx: vendor="X.Org Foundation"
[    63.971] 	compiled for 1.18.3, module version = 1.0.0
[    63.971] 	ABI class: X.Org Server Extension, version 9.0
[    63.971] (==) AIGLX enabled
[    63.971] (II) LoadModule: "intel"
[    63.972] (II) Loading /usr/lib/xorg/modules/drivers/intel_drv.so
[    63.977] (II) Module intel: vendor="X.Org Foundation"
[    63.977] 	compiled for 1.18.1, module version = 2.99.917
[    63.977] 	Module class: X.Org Video Driver
[    63.977] 	ABI class: X.Org Video Driver, version 20.0
[    63.977] (II) intel: Driver for Intel(R) Integrated Graphics Chipsets:
	i810, i810-dc100, i810e, i815, i830M, 845G, 854, 852GM/855GM, 865G,
	915G, E7221 (i915), 915GM, 945G, 945GM, 945GME, Pineview GM,
	Pineview G, 965G, G35, 965Q, 946GZ, 965GM, 965GME/GLE, G33, Q35, Q33,
	GM45, 4 Series, G45/G43, Q45/Q43, G41, B43
[    63.978] (II) intel: Driver for Intel(R) HD Graphics: 2000-6000
[    63.978] (II) intel: Driver for Intel(R) Iris(TM) Graphics: 5100, 6100
[    63.978] (II) intel: Driver for Intel(R) Iris(TM) Pro Graphics: 5200, 6200, P6300
[    63.978] xf86EnableIOPorts: failed to set IOPL for I/O (Operation not permitted)
[    63.979] (II) intel(0): Using Kernel Mode Setting driver: i915, version 1.6.0 20151010
[    63.979] (II) intel(0): SNA compiled: xserver-xorg-video-intel 2:2.99.917+git20160325-1ubuntu1 (Timo Aaltonen <tjaalton@debian.org>)
[    63.979] (II) intel(0): SNA compiled for use with valgrind
[    63.981] (WW) VGA arbiter: cannot open kernel arbiter, no multi-card support
[    63.982] (--) intel(0): Integrated Graphics Chipset: Intel(R) HD Graphics
[    63.982] (--) intel(0): CPU: x86-64, sse2, sse3, ssse3, sse4.1, sse4.2; using a maximum of 2 threads
[    63.982] (II) intel(0): Creating default Display subsection in Screen section
	"Default Screen Section" for depth/fbbpp 24/32
[    63.982] (==) intel(0): Depth 24, (--) framebuffer bpp 32
[    63.982] (==) intel(0): RGB weight 888
[    63.982] (==) intel(0): Default visual is TrueColor
[    63.982] (**) intel(0): Option "CustomEDID" "monitor-HDMI1:/home/ale/script_temp/home/ale/edid.bin;monitor-HDMI2:/home/ale/script_temp/home/ale/edid.bin"
[    63.983] (II) intel(0): Output HDMI1 using monitor section Left Overhead
[    63.983] (**) intel(0): Option "PreferredMode" "1280x720"
[    63.983] (**) intel(0): Option "Position" "0 0"
[    63.983] (II) intel(0): Enabled output HDMI1
[    63.983] (II) intel(0): Output DP1 has no monitor section
[    63.983] (II) intel(0): Enabled output DP1
[    63.983] (II) intel(0): Output HDMI2 using monitor section Right Overhead
[    63.983] (**) intel(0): Option "PreferredMode" "1280x720"
[    63.983] (**) intel(0): Option "Position" "1280 0"
[    63.983] (**) intel(0): Option "RightOf" "Left Overhead"
[    63.984] (II) intel(0): Enabled output HDMI2
[    63.984] (II) intel(0): Output DP2 has no monitor section
[    63.984] (II) intel(0): Enabled output DP2
[    63.984] (--) intel(0): Using a maximum size of 256x256 for hardware cursors
[    63.984] (II) intel(0): Output VIRTUAL1 has no monitor section
[    63.984] (II) intel(0): Enabled output VIRTUAL1
[    64.012] (II) intel(0): EDID for output DP1
[    64.040] (II) intel(0): EDID for output DP2
[    64.065] (II) intel(0): EDID for output HDMI1
[    64.065] (II) intel(0): Manufacturer: BNQ  Model: 78bd  Serial#: 21573
[    64.065] (II) intel(0): Year: 2012  Week: 20
[    64.065] (II) intel(0): EDID Version: 1.3
[    64.065] (II) intel(0): Digital Display Input
[    64.065] (II) intel(0): Max Image Size [cm]: horiz.: 48  vert.: 27
[    64.065] (II) intel(0): Gamma: 2.20
[    64.065] (II) intel(0): DPMS capabilities: Off
[    64.065] (II) intel(0): Supported color encodings: RGB 4:4:4 YCrCb 4:4:4 
[    64.065] (II) intel(0): Default color space is primary color space
[    64.065] (II) intel(0): First detailed timing is preferred mode
[    64.065] (II) intel(0): redX: 0.639 redY: 0.349   greenX: 0.334 greenY: 0.623
[    64.065] (II) intel(0): blueX: 0.155 blueY: 0.048   whiteX: 0.313 whiteY: 0.329
[    64.065] (II) intel(0): Supported established timings:
[    64.065] (II) intel(0): 640x480@60Hz
[    64.065] (II) intel(0): 800x600@60Hz
[    64.065] (II) intel(0): 1024x768@60Hz
[    64.065] (II) intel(0): Manufacturer's mask: 0
[    64.065] (II) intel(0): Supported standard timings:
[    64.065] (II) intel(0): #0: hsize: 1024  vsize 576  refresh: 60  vid: 49249
[    64.065] (II) intel(0): #1: hsize: 1280  vsize 800  refresh: 60  vid: 129
[    64.065] (II) intel(0): #2: hsize: 1280  vsize 720  refresh: 60  vid: 49281
[    64.065] (II) intel(0): #3: hsize: 1280  vsize 960  refresh: 60  vid: 16513
[    64.065] (II) intel(0): #4: hsize: 1280  vsize 1024  refresh: 60  vid: 32897
[    64.065] (II) intel(0): #5: hsize: 1600  vsize 900  refresh: 60  vid: 49321
[    64.065] (II) intel(0): #6: hsize: 1680  vsize 1050  refresh: 60  vid: 179
[    64.065] (II) intel(0): #7: hsize: 1920  vsize 1080  refresh: 60  vid: 49361
[    64.065] (II) intel(0): Supported detailed timing:
[    64.065] (II) intel(0): clock: 148.5 MHz   Image Size:  477 x 268 mm
[    64.065] (II) intel(0): h_active: 1920  h_sync: 2008  h_sync_end 2052 h_blank_end 2200 h_border: 0
[    64.065] (II) intel(0): v_active: 1080  v_sync: 1084  v_sync_end 1089 v_blanking: 1125 v_border: 0
[    64.065] (II) intel(0): Serial No: C5C07094SL0
[    64.065] (II) intel(0): Ranges: V min: 50 V max: 76 Hz, H min: 30 H max: 83 kHz, PixClock max 175 MHz
[    64.065] (II) intel(0): Monitor name: BenQ GW2250H
[    64.065] (II) intel(0): Supported detailed timing:
[    64.065] (II) intel(0): clock: 148.5 MHz   Image Size:  477 x 268 mm
[    64.065] (II) intel(0): h_active: 1920  h_sync: 2008  h_sync_end 2052 h_blank_end 2200 h_border: 0
[    64.066] (II) intel(0): v_active: 1080  v_sync: 1084  v_sync_end 1089 v_blanking: 1125 v_border: 0
[    64.066] (II) intel(0): Supported detailed timing:
[    64.066] (II) intel(0): clock: 74.2 MHz   Image Size:  477 x 268 mm
[    64.066] (II) intel(0): h_active: 1920  h_sync: 2008  h_sync_end 2052 h_blank_end 2200 h_border: 0
[    64.066] (II) intel(0): v_active: 540  v_sync: 542  v_sync_end 547 v_blanking: 562 v_border: 0
[    64.066] (II) intel(0): Supported detailed timing:
[    64.066] (II) intel(0): clock: 74.2 MHz   Image Size:  477 x 268 mm
[    64.066] (II) intel(0): h_active: 1280  h_sync: 1390  h_sync_end 1430 h_blank_end 1650 h_border: 0
[    64.066] (II) intel(0): v_active: 720  v_sync: 725  v_sync_end 730 v_blanking: 750 v_border: 0
[    64.066] (II) intel(0): Supported detailed timing:
[    64.066] (II) intel(0): clock: 27.0 MHz   Image Size:  477 x 268 mm
[    64.066] (II) intel(0): h_active: 720  h_sync: 736  h_sync_end 798 h_blank_end 858 h_border: 0
[    64.066] (II) intel(0): v_active: 480  v_sync: 489  v_sync_end 495 v_blanking: 525 v_border: 0
[    64.066] (II) intel(0): Number of EDID sections to follow: 1
[    64.066] (II) intel(0): EDID (in hex):
[    64.066] (II) intel(0): 	00ffffffffffff0009d1bd7845540000
[    64.066] (II) intel(0): 	1416010380301b782e9ad5a359559f27
[    64.066] (II) intel(0): 	0c505421080061c0810081c081408180
[    64.066] (II) intel(0): 	a9c0b300d1c0023a801871382d40582c
[    64.066] (II) intel(0): 	4500dd0c1100001e000000ff00433543
[    64.066] (II) intel(0): 	3037303934534c300a20000000fd0032
[    64.066] (II) intel(0): 	4c1e5311000a202020202020000000fc
[    64.066] (II) intel(0): 	0042656e5120475732323530480a0189
[    64.066] (II) intel(0): 	020322f14f9005040302011112131406
[    64.066] (II) intel(0): 	0715161f2309070765030c0010008301
[    64.066] (II) intel(0): 	0000023a801871382d40582c4500dd0c
[    64.066] (II) intel(0): 	1100001f011d8018711c1620582c2500
[    64.066] (II) intel(0): 	dd0c1100009f011d007251d01e206e28
[    64.066] (II) intel(0): 	5500dd0c1100001e8c0ad08a20e02d10
[    64.066] (II) intel(0): 	103e9600dd0c11000018000000000000
[    64.066] (II) intel(0): 	0000000000000000000000000000007b
[    64.066] (II) intel(0): Printing probed modes for output HDMI1
[    64.066] (II) intel(0): Modeline "1280x720"x60.0   74.25  1280 1390 1430 1650  720 725 730 750 +hsync +vsync (45.0 kHz UeP)
[    64.066] (II) intel(0): Modeline "1920x1080"x60.0  148.50  1920 2008 2052 2200  1080 1084 1089 1125 +hsync +vsync (67.5 kHz eP)
[    64.066] (II) intel(0): Modeline "1920x1080"x50.0  148.50  1920 2448 2492 2640  1080 1084 1089 1125 +hsync +vsync (56.2 kHz e)
[    64.066] (II) intel(0): Modeline "1920x1080"x60.0  148.35  1920 2008 2052 2200  1080 1084 1089 1125 +hsync +vsync (67.4 kHz e)
[    64.066] (II) intel(0): Modeline "1920x1080i"x60.0   74.25  1920 2008 2052 2200  1080 1084 1094 1125 interlace +hsync +vsync (33.8 kHz e)
[    64.066] (II) intel(0): Modeline "1920x1080i"x50.0   74.25  1920 2448 2492 2640  1080 1084 1094 1125 interlace +hsync +vsync (28.1 kHz e)
[    64.066] (II) intel(0): Modeline "1920x1080i"x60.0   74.18  1920 2008 2052 2200  1080 1084 1094 1125 interlace +hsync +vsync (33.7 kHz e)
[    64.066] (II) intel(0): Modeline "1680x1050"x60.0  119.00  1680 1728 1760 1840  1050 1053 1059 1080 +hsync -vsync (64.7 kHz e)
[    64.066] (II) intel(0): Modeline "1600x900"x60.0  108.00  1600 1624 1704 1800  900 901 904 1000 +hsync +vsync (60.0 kHz e)
[    64.066] (II) intel(0): Modeline "1280x1024"x60.0  108.00  1280 1328 1440 1688  1024 1025 1028 1066 +hsync +vsync (64.0 kHz e)
[    64.066] (II) intel(0): Modeline "1280x960"x60.0  108.00  1280 1376 1488 1800  960 961 964 1000 +hsync +vsync (60.0 kHz e)
[    64.066] (II) intel(0): Modeline "1280x800"x60.0   71.00  1280 1328 1360 1440  800 803 809 823 +hsync -vsync (49.3 kHz e)
[    64.067] (II) intel(0): Modeline "1280x720"x50.0   74.25  1280 1720 1760 1980  720 725 730 750 +hsync +vsync (37.5 kHz e)
[    64.067] (II) intel(0): Modeline "1280x720"x60.0   74.18  1280 1390 1430 1650  720 725 730 750 +hsync +vsync (45.0 kHz e)
[    64.067] (II) intel(0): Modeline "1024x768"x60.0   65.00  1024 1048 1184 1344  768 771 777 806 -hsync -vsync (48.4 kHz e)
[    64.067] (II) intel(0): Modeline "1024x576"x60.0   46.97  1024 1064 1168 1312  576 577 580 597 -hsync +vsync (35.8 kHz)
[    64.067] (II) intel(0): Modeline "800x600"x60.0   40.00  800 840 968 1056  600 601 605 628 +hsync +vsync (37.9 kHz e)
[    64.067] (II) intel(0): Modeline "720x576"x50.0   27.00  720 732 796 864  576 581 586 625 -hsync -vsync (31.2 kHz e)
[    64.067] (II) intel(0): Modeline "720x576i"x50.0   13.50  720 732 795 864  576 580 586 625 interlace -hsync -vsync (15.6 kHz e)
[    64.067] (II) intel(0): Modeline "720x480"x60.0   27.03  720 736 798 858  480 489 495 525 -hsync -vsync (31.5 kHz e)
[    64.067] (II) intel(0): Modeline "720x480"x60.0   27.00  720 736 798 858  480 489 495 525 -hsync -vsync (31.5 kHz e)
[    64.067] (II) intel(0): Modeline "720x480i"x60.0   13.51  720 739 801 858  480 488 494 525 interlace -hsync -vsync (15.8 kHz e)
[    64.067] (II) intel(0): Modeline "720x480i"x60.0   13.50  720 739 801 858  480 488 494 525 interlace -hsync -vsync (15.7 kHz e)
[    64.067] (II) intel(0): Modeline "640x480"x60.0   25.20  640 656 752 800  480 490 492 525 -hsync -vsync (31.5 kHz e)
[    64.067] (II) intel(0): Modeline "640x480"x60.0   25.18  640 656 752 800  480 490 492 525 -hsync -vsync (31.5 kHz e)
[    64.094] (II) intel(0): EDID for output HDMI2
[    64.094] (II) intel(0): Manufacturer: BNQ  Model: 78bd  Serial#: 21573
[    64.094] (II) intel(0): Year: 2012  Week: 20
[    64.094] (II) intel(0): EDID Version: 1.3
[    64.094] (II) intel(0): Digital Display Input
[    64.094] (II) intel(0): Max Image Size [cm]: horiz.: 48  vert.: 27
[    64.094] (II) intel(0): Gamma: 2.20
[    64.094] (II) intel(0): DPMS capabilities: Off
[    64.094] (II) intel(0): Supported color encodings: RGB 4:4:4 YCrCb 4:4:4 
[    64.094] (II) intel(0): Default color space is primary color space
[    64.094] (II) intel(0): First detailed timing is preferred mode
[    64.094] (II) intel(0): redX: 0.639 redY: 0.349   greenX: 0.334 greenY: 0.623
[    64.094] (II) intel(0): blueX: 0.155 blueY: 0.048   whiteX: 0.313 whiteY: 0.329
[    64.094] (II) intel(0): Supported established timings:
[    64.094] (II) intel(0): 640x480@60Hz
[    64.094] (II) intel(0): 800x600@60Hz
[    64.094] (II) intel(0): 1024x768@60Hz
[    64.094] (II) intel(0): Manufacturer's mask: 0
[    64.095] (II) intel(0): Supported standard timings:
[    64.095] (II) intel(0): #0: hsize: 1024  vsize 576  refresh: 60  vid: 49249
[    64.095] (II) intel(0): #1: hsize: 1280  vsize 800  refresh: 60  vid: 129
[    64.095] (II) intel(0): #2: hsize: 1280  vsize 720  refresh: 60  vid: 49281
[    64.095] (II) intel(0): #3: hsize: 1280  vsize 960  refresh: 60  vid: 16513
[    64.095] (II) intel(0): #4: hsize: 1280  vsize 1024  refresh: 60  vid: 32897
[    64.095] (II) intel(0): #5: hsize: 1600  vsize 900  refresh: 60  vid: 49321
[    64.095] (II) intel(0): #6: hsize: 1680  vsize 1050  refresh: 60  vid: 179
[    64.095] (II) intel(0): #7: hsize: 1920  vsize 1080  refresh: 60  vid: 49361
[    64.095] (II) intel(0): Supported detailed timing:
[    64.095] (II) intel(0): clock: 148.5 MHz   Image Size:  477 x 268 mm
[    64.095] (II) intel(0): h_active: 1920  h_sync: 2008  h_sync_end 2052 h_blank_end 2200 h_border: 0
[    64.095] (II) intel(0): v_active: 1080  v_sync: 1084  v_sync_end 1089 v_blanking: 1125 v_border: 0
[    64.095] (II) intel(0): Serial No: C5C07025SL0
[    64.095] (II) intel(0): Ranges: V min: 50 V max: 76 Hz, H min: 30 H max: 83 kHz, PixClock max 175 MHz
[    64.095] (II) intel(0): Monitor name: BenQ GW2250H
[    64.095] (II) intel(0): Supported detailed timing:
[    64.095] (II) intel(0): clock: 148.5 MHz   Image Size:  477 x 268 mm
[    64.095] (II) intel(0): h_active: 1920  h_sync: 2008  h_sync_end 2052 h_blank_end 2200 h_border: 0
[    64.095] (II) intel(0): v_active: 1080  v_sync: 1084  v_sync_end 1089 v_blanking: 1125 v_border: 0
[    64.095] (II) intel(0): Supported detailed timing:
[    64.095] (II) intel(0): clock: 74.2 MHz   Image Size:  477 x 268 mm
[    64.095] (II) intel(0): h_active: 1920  h_sync: 2008  h_sync_end 2052 h_blank_end 2200 h_border: 0
[    64.095] (II) intel(0): v_active: 540  v_sync: 542  v_sync_end 547 v_blanking: 562 v_border: 0
[    64.095] (II) intel(0): Supported detailed timing:
[    64.095] (II) intel(0): clock: 74.2 MHz   Image Size:  477 x 268 mm
[    64.095] (II) intel(0): h_active: 1280  h_sync: 1390  h_sync_end 1430 h_blank_end 1650 h_border: 0
[    64.095] (II) intel(0): v_active: 720  v_sync: 725  v_sync_end 730 v_blanking: 750 v_border: 0
[    64.095] (II) intel(0): Supported detailed timing:
[    64.095] (II) intel(0): clock: 27.0 MHz   Image Size:  477 x 268 mm
[    64.095] (II) intel(0): h_active: 720  h_sync: 736  h_sync_end 798 h_blank_end 858 h_border: 0
[    64.095] (II) intel(0): v_active: 480  v_sync: 489  v_sync_end 495 v_blanking: 525 v_border: 0
[    64.095] (II) intel(0): Number of EDID sections to follow: 1
[    64.095] (II) intel(0): EDID (in hex):
[    64.095] (II) intel(0): 	00ffffffffffff0009d1bd7845540000
[    64.095] (II) intel(0): 	1416010380301b782e9ad5a359559f27
[    64.095] (II) intel(0): 	0c505421080061c0810081c081408180
[    64.095] (II) intel(0): 	a9c0b300d1c0023a801871382d40582c
[    64.095] (II) intel(0): 	4500dd0c1100001e000000ff00433543
[    64.095] (II) intel(0): 	3037303235534c300a20000000fd0032
[    64.095] (II) intel(0): 	4c1e5311000a202020202020000000fc
[    64.095] (II) intel(0): 	0042656e5120475732323530480a018f
[    64.095] (II) intel(0): 	020322f14f9005040302011112131406
[    64.095] (II) intel(0): 	0715161f2309070765030c0010008301
[    64.095] (II) intel(0): 	0000023a801871382d40582c4500dd0c
[    64.095] (II) intel(0): 	1100001f011d8018711c1620582c2500
[    64.095] (II) intel(0): 	dd0c1100009f011d007251d01e206e28
[    64.096] (II) intel(0): 	5500dd0c1100001e8c0ad08a20e02d10
[    64.096] (II) intel(0): 	103e9600dd0c11000018000000000000
[    64.096] (II) intel(0): 	0000000000000000000000000000007b
[    64.096] (II) intel(0): Printing probed modes for output HDMI2
[    64.096] (II) intel(0): Modeline "1280x720"x60.0   74.25  1280 1390 1430 1650  720 725 730 750 +hsync +vsync (45.0 kHz UeP)
[    64.096] (II) intel(0): Modeline "1920x1080"x60.0  148.50  1920 2008 2052 2200  1080 1084 1089 1125 +hsync +vsync (67.5 kHz eP)
[    64.096] (II) intel(0): Modeline "1920x1080"x50.0  148.50  1920 2448 2492 2640  1080 1084 1089 1125 +hsync +vsync (56.2 kHz e)
[    64.096] (II) intel(0): Modeline "1920x1080"x60.0  148.35  1920 2008 2052 2200  1080 1084 1089 1125 +hsync +vsync (67.4 kHz e)
[    64.096] (II) intel(0): Modeline "1920x1080i"x60.0   74.25  1920 2008 2052 2200  1080 1084 1094 1125 interlace +hsync +vsync (33.8 kHz e)
[    64.096] (II) intel(0): Modeline "1920x1080i"x50.0   74.25  1920 2448 2492 2640  1080 1084 1094 1125 interlace +hsync +vsync (28.1 kHz e)
[    64.096] (II) intel(0): Modeline "1920x1080i"x60.0   74.18  1920 2008 2052 2200  1080 1084 1094 1125 interlace +hsync +vsync (33.7 kHz e)
[    64.096] (II) intel(0): Modeline "1680x1050"x60.0  119.00  1680 1728 1760 1840  1050 1053 1059 1080 +hsync -vsync (64.7 kHz e)
[    64.096] (II) intel(0): Modeline "1600x900"x60.0  108.00  1600 1624 1704 1800  900 901 904 1000 +hsync +vsync (60.0 kHz e)
[    64.096] (II) intel(0): Modeline "1280x1024"x60.0  108.00  1280 1328 1440 1688  1024 1025 1028 1066 +hsync +vsync (64.0 kHz e)
[    64.096] (II) intel(0): Modeline "1280x960"x60.0  108.00  1280 1376 1488 1800  960 961 964 1000 +hsync +vsync (60.0 kHz e)
[    64.096] (II) intel(0): Modeline "1280x800"x60.0   71.00  1280 1328 1360 1440  800 803 809 823 +hsync -vsync (49.3 kHz e)
[    64.096] (II) intel(0): Modeline "1280x720"x50.0   74.25  1280 1720 1760 1980  720 725 730 750 +hsync +vsync (37.5 kHz e)
[    64.096] (II) intel(0): Modeline "1280x720"x60.0   74.18  1280 1390 1430 1650  720 725 730 750 +hsync +vsync (45.0 kHz e)
[    64.096] (II) intel(0): Modeline "1024x768"x60.0   65.00  1024 1048 1184 1344  768 771 777 806 -hsync -vsync (48.4 kHz e)
[    64.096] (II) intel(0): Modeline "1024x576"x60.0   46.97  1024 1064 1168 1312  576 577 580 597 -hsync +vsync (35.8 kHz)
[    64.096] (II) intel(0): Modeline "800x600"x60.0   40.00  800 840 968 1056  600 601 605 628 +hsync +vsync (37.9 kHz e)
[    64.096] (II) intel(0): Modeline "720x576"x50.0   27.00  720 732 796 864  576 581 586 625 -hsync -vsync (31.2 kHz e)
[    64.096] (II) intel(0): Modeline "720x576i"x50.0   13.50  720 732 795 864  576 580 586 625 interlace -hsync -vsync (15.6 kHz e)
[    64.096] (II) intel(0): Modeline "720x480"x60.0   27.03  720 736 798 858  480 489 495 525 -hsync -vsync (31.5 kHz e)
[    64.096] (II) intel(0): Modeline "720x480"x60.0   27.00  720 736 798 858  480 489 495 525 -hsync -vsync (31.5 kHz e)
[    64.096] (II) intel(0): Modeline "720x480i"x60.0   13.51  720 739 801 858  480 488 494 525 interlace -hsync -vsync (15.8 kHz e)
[    64.096] (II) intel(0): Modeline "720x480i"x60.0   13.50  720 739 801 858  480 488 494 525 interlace -hsync -vsync (15.7 kHz e)
[    64.096] (II) intel(0): Modeline "640x480"x60.0   25.20  640 656 752 800  480 490 492 525 -hsync -vsync (31.5 kHz e)
[    64.096] (II) intel(0): Modeline "640x480"x60.0   25.18  640 656 752 800  480 490 492 525 -hsync -vsync (31.5 kHz e)
[    64.096] (II) intel(0): EDID for output VIRTUAL1
[    64.096] (II) intel(0): Output DP1 disconnected
[    64.096] (II) intel(0): Output DP2 disconnected
[    64.096] (II) intel(0): Output HDMI1 connected
[    64.096] (II) intel(0): Output HDMI2 connected
[    64.096] (II) intel(0): Output VIRTUAL1 disconnected
[    64.096] (II) intel(0): Using user preference for initial modes
[    64.096] (II) intel(0): Output HDMI1 using initial mode 1280x720 +0+0
[    64.096] (II) intel(0): Output HDMI2 using initial mode 1280x720 +0+0
[    64.096] (II) intel(0): Using default gamma of (1.0, 1.0, 1.0) unless otherwise stated.
[    64.097] (==) intel(0): TearFree disabled
[    64.097] (==) intel(0): DPI set to (96, 96)
[    64.097] (II) Loading sub module "dri2"
[    64.097] (II) LoadModule: "dri2"
[    64.097] (II) Module "dri2" already built-in
[    64.097] (II) Loading sub module "present"
[    64.097] (II) LoadModule: "present"
[    64.097] (II) Module "present" already built-in
[    64.097] (==) Depth 24 pixmap format is 32 bpp
[    64.107] (II) intel(0): SNA initialized with Cherryview (gen8) backend
[    64.107] (==) intel(0): Backing store enabled
[    64.107] (==) intel(0): Silken mouse enabled
[    64.109] (II) intel(0): HW Cursor enabled
[    64.109] (II) intel(0): RandR 1.2 enabled, ignore the following RandR disabled message.
[    64.110] (==) intel(0): DPMS enabled
[    64.110] (==) intel(0): Display hotplug detection enabled
[    64.110] (II) intel(0): [DRI2] Setup complete
[    64.111] (II) intel(0): [DRI2]   DRI driver: i965
[    64.111] (II) intel(0): [DRI2]   VDPAU driver: va_gl
[    64.111] (II) intel(0): direct rendering: DRI2 enabled
[    64.111] (II) intel(0): hardware support for Present enabled
[    64.111] (--) RandR disabled
[    64.121] (II) SELinux: Disabled on system
[    64.176] (II) AIGLX: enabled GLX_MESA_copy_sub_buffer
[    64.176] (II) AIGLX: enabled GLX_ARB_create_context
[    64.176] (II) AIGLX: enabled GLX_ARB_create_context_profile
[    64.176] (II) AIGLX: enabled GLX_EXT_create_context_es{,2}_profile
[    64.176] (II) AIGLX: enabled GLX_INTEL_swap_event
[    64.176] (II) AIGLX: enabled GLX_SGI_swap_control and GLX_MESA_swap_control
[    64.176] (II) AIGLX: enabled GLX_EXT_framebuffer_sRGB
[    64.176] (II) AIGLX: enabled GLX_ARB_fbconfig_float
[    64.177] (II) AIGLX: enabled GLX_EXT_fbconfig_packed_float
[    64.177] (II) AIGLX: GLX_EXT_texture_from_pixmap backed by buffer objects
[    64.177] (II) AIGLX: enabled GLX_ARB_create_context_robustness
[    64.177] (II) AIGLX: Loaded and initialized i965
[    64.177] (II) GLX: Initialized DRI2 GL provider for screen 0
[    64.186] (II) intel(0): switch to mode 1280x720@60.0 on HDMI1 using pipe 0, position (0, 0), rotation normal, reflection none
[    64.186] (II) intel(0): switch to mode 1280x720@60.0 on HDMI2 using pipe 2, position (1280, 0), rotation normal, reflection none
[    64.186] (II) intel(0): Setting screen physical size to 677 x 190
[    64.292] (II) config/udev: Adding input device Power Button (/dev/input/event2)
[    64.293] (**) Power Button: Applying InputClass "evdev keyboard catchall"
[    64.293] (II) LoadModule: "evdev"
[    64.293] (II) Loading /usr/lib/xorg/modules/input/evdev_drv.so
[    64.298] (II) Module evdev: vendor="X.Org Foundation"
[    64.298] 	compiled for 1.18.1, module version = 2.10.1
[    64.298] 	Module class: X.Org XInput Driver
[    64.298] 	ABI class: X.Org XInput driver, version 22.1
[    64.299] (II) systemd-logind: got fd for /dev/input/event2 13:66 fd 12 paused 0
[    64.299] (II) Using input driver 'evdev' for 'Power Button'
[    64.299] (**) Power Button: always reports core events
[    64.299] (**) evdev: Power Button: Device: "/dev/input/event2"
[    64.300] (--) evdev: Power Button: Vendor 0 Product 0x1
[    64.300] (--) evdev: Power Button: Found keys
[    64.300] (II) evdev: Power Button: Configuring as keyboard
[    64.300] (**) Option "config_info" "udev:/sys/devices/LNXSYSTM:00/LNXPWRBN:00/input/input2/event2"
[    64.300] (II) XINPUT: Adding extended input device "Power Button" (type: KEYBOARD, id 6)
[    64.300] (**) Option "xkb_rules" "evdev"
[    64.300] (**) Option "xkb_model" "pc105"
[    64.300] (**) Option "xkb_layout" "it"
[    64.345] (II) config/udev: Adding input device Video Bus (/dev/input/event5)
[    64.345] (**) Video Bus: Applying InputClass "evdev keyboard catchall"
[    64.346] (II) systemd-logind: got fd for /dev/input/event5 13:69 fd 13 paused 0
[    64.346] (II) Using input driver 'evdev' for 'Video Bus'
[    64.346] (**) Video Bus: always reports core events
[    64.346] (**) evdev: Video Bus: Device: "/dev/input/event5"
[    64.346] (--) evdev: Video Bus: Vendor 0 Product 0x6
[    64.346] (--) evdev: Video Bus: Found keys
[    64.346] (II) evdev: Video Bus: Configuring as keyboard
[    64.346] (**) Option "config_info" "udev:/sys/devices/LNXSYSTM:00/LNXSYBUS:00/PNP0A08:00/LNXVIDEO:00/input/input5/event5"
[    64.346] (II) XINPUT: Adding extended input device "Video Bus" (type: KEYBOARD, id 7)
[    64.346] (**) Option "xkb_rules" "evdev"
[    64.346] (**) Option "xkb_model" "pc105"
[    64.346] (**) Option "xkb_layout" "it"
[    64.347] (II) config/udev: Adding input device Power Button (/dev/input/event0)
[    64.347] (**) Power Button: Applying InputClass "evdev keyboard catchall"
[    64.348] (II) systemd-logind: got fd for /dev/input/event0 13:64 fd 14 paused 0
[    64.348] (II) Using input driver 'evdev' for 'Power Button'
[    64.348] (**) Power Button: always reports core events
[    64.348] (**) evdev: Power Button: Device: "/dev/input/event0"
[    64.348] (--) evdev: Power Button: Vendor 0 Product 0x1
[    64.348] (--) evdev: Power Button: Found keys
[    64.348] (II) evdev: Power Button: Configuring as keyboard
[    64.348] (**) Option "config_info" "udev:/sys/devices/LNXSYSTM:00/LNXSYBUS:00/PNP0C0C:01/input/input0/event0"
[    64.348] (II) XINPUT: Adding extended input device "Power Button" (type: KEYBOARD, id 8)
[    64.348] (**) Option "xkb_rules" "evdev"
[    64.349] (**) Option "xkb_model" "pc105"
[    64.349] (**) Option "xkb_layout" "it"
[    64.350] (II) config/udev: Adding input device Sleep Button (/dev/input/event1)
[    64.350] (**) Sleep Button: Applying InputClass "evdev keyboard catchall"
[    64.351] (II) systemd-logind: got fd for /dev/input/event1 13:65 fd 15 paused 0
[    64.351] (II) Using input driver 'evdev' for 'Sleep Button'
[    64.351] (**) Sleep Button: always reports core events
[    64.351] (**) evdev: Sleep Button: Device: "/dev/input/event1"
[    64.351] (--) evdev: Sleep Button: Vendor 0 Product 0x3
[    64.351] (--) evdev: Sleep Button: Found keys
[    64.351] (II) evdev: Sleep Button: Configuring as keyboard
[    64.351] (**) Option "config_info" "udev:/sys/devices/LNXSYSTM:00/LNXSYBUS:00/PNP0C0E:00/input/input1/event1"
[    64.351] (II) XINPUT: Adding extended input device "Sleep Button" (type: KEYBOARD, id 9)
[    64.351] (**) Option "xkb_rules" "evdev"
[    64.351] (**) Option "xkb_model" "pc105"
[    64.351] (**) Option "xkb_layout" "it"
[    64.353] (II) config/udev: Adding input device DELL Dell USB Entry Keyboard (/dev/input/event3)
[    64.353] (**) DELL Dell USB Entry Keyboard: Applying InputClass "evdev keyboard catchall"
[    64.354] (II) systemd-logind: got fd for /dev/input/event3 13:67 fd 16 paused 0
[    64.354] (II) Using input driver 'evdev' for 'DELL Dell USB Entry Keyboard'
[    64.354] (**) DELL Dell USB Entry Keyboard: always reports core events
[    64.354] (**) evdev: DELL Dell USB Entry Keyboard: Device: "/dev/input/event3"
[    64.354] (--) evdev: DELL Dell USB Entry Keyboard: Vendor 0x413c Product 0x2107
[    64.354] (--) evdev: DELL Dell USB Entry Keyboard: Found keys
[    64.354] (II) evdev: DELL Dell USB Entry Keyboard: Configuring as keyboard
[    64.354] (**) Option "config_info" "udev:/sys/devices/pci0000:00/0000:00:14.0/usb1/1-3/1-3:1.0/0003:413C:2107.0001/input/input3/event3"
[    64.354] (II) XINPUT: Adding extended input device "DELL Dell USB Entry Keyboard" (type: KEYBOARD, id 10)
[    64.355] (**) Option "xkb_rules" "evdev"
[    64.355] (**) Option "xkb_model" "pc105"
[    64.355] (**) Option "xkb_layout" "it"
[    64.356] (II) config/udev: Adding input device Dell Dell USB Optical Mouse (/dev/input/event4)
[    64.356] (**) Dell Dell USB Optical Mouse: Applying InputClass "evdev pointer catchall"
[    64.412] (II) systemd-logind: got fd for /dev/input/event4 13:68 fd 17 paused 0
[    64.412] (II) Using input driver 'evdev' for 'Dell Dell USB Optical Mouse'
[    64.412] (**) Dell Dell USB Optical Mouse: always reports core events
[    64.413] (**) evdev: Dell Dell USB Optical Mouse: Device: "/dev/input/event4"
[    64.413] (--) evdev: Dell Dell USB Optical Mouse: Vendor 0x413c Product 0x3012
[    64.413] (--) evdev: Dell Dell USB Optical Mouse: Found 3 mouse buttons
[    64.413] (--) evdev: Dell Dell USB Optical Mouse: Found scroll wheel(s)
[    64.413] (--) evdev: Dell Dell USB Optical Mouse: Found relative axes
[    64.413] (--) evdev: Dell Dell USB Optical Mouse: Found x and y relative axes
[    64.413] (II) evdev: Dell Dell USB Optical Mouse: Configuring as mouse
[    64.413] (II) evdev: Dell Dell USB Optical Mouse: Adding scrollwheel support
[    64.413] (**) evdev: Dell Dell USB Optical Mouse: YAxisMapping: buttons 4 and 5
[    64.413] (**) evdev: Dell Dell USB Optical Mouse: EmulateWheelButton: 4, EmulateWheelInertia: 10, EmulateWheelTimeout: 200
[    64.413] (**) Option "config_info" "udev:/sys/devices/pci0000:00/0000:00:14.0/usb1/1-4/1-4:1.0/0003:413C:3012.0002/input/input4/event4"
[    64.413] (II) XINPUT: Adding extended input device "Dell Dell USB Optical Mouse" (type: MOUSE, id 11)
[    64.413] (II) evdev: Dell Dell USB Optical Mouse: initialized for relative axes.
[    64.414] (**) Dell Dell USB Optical Mouse: (accel) keeping acceleration scheme 1
[    64.414] (**) Dell Dell USB Optical Mouse: (accel) acceleration profile 0
[    64.414] (**) Dell Dell USB Optical Mouse: (accel) acceleration factor: 2.000
[    64.414] (**) Dell Dell USB Optical Mouse: (accel) acceleration threshold: 4
[    64.415] (II) config/udev: Adding input device Dell Dell USB Optical Mouse (/dev/input/mouse0)
[    64.415] (II) No input driver specified, ignoring this device.
[    64.415] (II) This device may have been added with another device file.
[    64.415] (II) config/udev: Adding input device HDA Intel PCH HDMI/DP,pcm=8 (/dev/input/event10)
[    64.415] (II) No input driver specified, ignoring this device.
[    64.415] (II) This device may have been added with another device file.
[    64.416] (II) config/udev: Adding input device HDA Intel PCH Mic (/dev/input/event6)
[    64.416] (II) No input driver specified, ignoring this device.
[    64.416] (II) This device may have been added with another device file.
[    64.417] (II) config/udev: Adding input device HDA Intel PCH Headphone (/dev/input/event7)
[    64.417] (II) No input driver specified, ignoring this device.
[    64.417] (II) This device may have been added with another device file.
[    64.417] (II) config/udev: Adding input device HDA Intel PCH HDMI/DP,pcm=3 (/dev/input/event8)
[    64.417] (II) No input driver specified, ignoring this device.
[    64.417] (II) This device may have been added with another device file.
[    64.418] (II) config/udev: Adding input device HDA Intel PCH HDMI/DP,pcm=7 (/dev/input/event9)
[    64.418] (II) No input driver specified, ignoring this device.
[    64.418] (II) This device may have been added with another device file.
[   119.655] (II) evdev: Dell Dell USB Optical Mouse: Close
[   119.655] (II) UnloadModule: "evdev"
[   119.655] (II) systemd-logind: releasing fd for 13:68
[   120.468] (II) evdev: DELL Dell USB Entry Keyboard: Close
[   120.468] (II) UnloadModule: "evdev"
[   120.468] (II) systemd-logind: releasing fd for 13:67
[   120.508] (II) evdev: Sleep Button: Close
[   120.508] (II) UnloadModule: "evdev"
[   120.508] (II) systemd-logind: releasing fd for 13:65
[   120.520] (II) evdev: Power Button: Close
[   120.520] (II) UnloadModule: "evdev"
[   120.520] (II) systemd-logind: releasing fd for 13:64
[   120.537] (II) evdev: Video Bus: Close
[   120.537] (II) UnloadModule: "evdev"
[   120.537] (II) systemd-logind: releasing fd for 13:69
[   120.553] (II) evdev: Power Button: Close
[   120.553] (II) UnloadModule: "evdev"
[   120.553] (II) systemd-logind: releasing fd for 13:66
[   120.659] (WW) xf86CloseConsole: KDSETMODE failed: Input/output error
[   120.659] (WW) xf86CloseConsole: VT_GETMODE failed: Input/output error
[   120.659] (WW) xf86CloseConsole: VT_ACTIVATE failed: Input/output error
[   120.664] (II) Server terminated successfully (0). Closing log file.
